<?xml version="1.0" ?>
<!DOCTYPE coverage SYSTEM "http://cobertura.sourceforge.net/xml/coverage-04.dtd">
<coverage lines-valid="12" lines-covered="11" line-rate="0.9166" branches-valid="0" branches-covered="0" branch-rate="1" timestamp="1660136700491" complexity="0" version="0.1">
  <sources>
    <source>/Users/mustafa/Desktop/appcircle-sample-react-native</source>
  </sources>
  <packages>
    <package name="appcircle-sample-react-native" line-rate="1" branch-rate="1">
      <classes>
        <class name="App.js" filename="App.js" line-rate="1" branch-rate="1">
          <methods>
            <method name="App" hits="1" signature="()V">
              <lines>
                <line number="10" hits="1"/>
              </lines>
            </method>
          </methods>
          <lines>
            <line number="8" hits="1" branch="false"/>
            <line number="11" hits="1" branch="false"/>
            <line number="29" hits="1" branch="false"/>
          </lines>
        </class>
      </classes>
    </package>
    <package name="appcircle-sample-react-native.components" line-rate="0.8887999999999999" branch-rate="1">
      <classes>
        <class name="detailsscreen.js" filename="components/detailsscreen.js" line-rate="1" branch-rate="1">
          <methods>
            <method name="DetailsScreen" hits="2" signature="()V">
              <lines>
                <line number="8" hits="2"/>
              </lines>
            </method>
            <method name="(anonymous_1)" hits="0" signature="()V">
              <lines>
                <line number="33" hits="0"/>
              </lines>
            </method>
          </methods>
          <lines>
            <line number="5" hits="2" branch="false"/>
            <line number="6" hits="2" branch="false"/>
            <line number="9" hits="2" branch="false"/>
            <line number="11" hits="2" branch="false"/>
            <line number="12" hits="2" branch="false"/>
            <line number="13" hits="2" branch="false"/>
          </lines>
        </class>
        <class name="homescreen.js" filename="components/homescreen.js" line-rate="0.6666" branch-rate="1">
          <methods>
            <method name="HomeScreen" hits="2" signature="()V">
              <lines>
                <line number="6" hits="2"/>
              </lines>
            </method>
            <method name="(anonymous_1)" hits="0" signature="()V">
              <lines>
                <line number="17" hits="0"/>
              </lines>
            </method>
          </methods>
          <lines>
            <line number="4" hits="2" branch="false"/>
            <line number="7" hits="2" branch="false"/>
            <line number="17" hits="0" branch="false"/>
          </lines>
        </class>
        <class name="styles.js" filename="components/styles.js" line-rate="1" branch-rate="1">
          <methods>
          </methods>
          <lines>
          </lines>
        </class>
      </classes>
    </package>
  </packages>
</coverage>
