<?xml version="1.0" ?>
<!DOCTYPE coverage
  SYSTEM 'http://cobertura.sourceforge.net/xml/coverage-04.dtd'>
<coverage branch-rate="0.0" branches-covered="0" branches-valid="0" complexity="0" line-rate="0.0" lines-covered="0" lines-valid="0" timestamp="1648696195" version="2.0.3">
  <sources>
    <source>.</source>
  </sources>
  <packages>
  	    <package name="spec.fixtures.fixtures" line-rate="0.000000000000000" branch-rate="0.000000000000000" complexity="0.0">
      <classes>
        <class name="fixtures.m" filename="spec/fixtures/fixtures/fixtures.m" line-rate="0.000000000000000" branch-rate="0.000000000000000" complexity="0.0">
          <methods/>
          <lines>
            <line number="20" branch="false" hits="0"/>
            <line number="21" branch="false" hits="0"/>
          </lines>
        </class>
      </classes>
    </package>
  </packages>
</coverage>