TN:appcircle-sample-react-native
SF:App.js
FN:10,App
FNF:1
FNH:1
FNDA:1,App
DA:8,1
DA:11,1
DA:29,1
LF:3
LH:3
BRF:0
BRH:0
end_of_record
TN:appcircle-sample-react-native.components
SF:components/detailsscreen.js
FN:8,DetailsScreen
FN:33,(anonymous_1)
FNF:2
FNH:1
FNDA:3,DetailsScreen
FNDA:0,(anonymous_1)
DA:5,2
DA:6,2
DA:9,3
DA:11,3
DA:12,3
DA:13,3
LF:6
LH:6
BRF:0
BRH:0
end_of_record
TN:appcircle-sample-react-native.components
SF:components/homescreen.js
FN:6,HomeScreen
FN:17,(anonymous_1)
FNF:2
FNH:1
FNDA:2,HomeScreen
FNDA:0,(anonymous_1)
DA:4,2
DA:7,2
DA:17,0
LF:3
LH:2
BRF:0
BRH:0
end_of_record
TN:appcircle-sample-react-native.components
SF:components/styles.js
FNF:0
FNH:0
LF:0
LH:0
BRF:0
BRH:0
end_of_record
